[2021-11-01 07:36:12] local.ERROR: Undefined variable $args {"exception":"[object] (ErrorException(code: 0): Undefined variable $args at /home/hazratmilad/Downloads/oncogene/modules/shop/Http/Controllers/ApiController.php:41)
[stacktrace]
#0 /home/hazratmilad/Downloads/oncogene/modules/shop/Http/Controllers/ApiController.php(41): Illuminate\\Foundation\\Bootstrap\\HandleExceptions->handleError()
#1 /home/hazratmilad/Downloads/oncogene/vendor/laravel/framework/src/Illuminate/Routing/Controller.php(54): Modules\\shop\\Http\\Controllers\\ApiController->filters()
#2 /home/hazratmilad/Downloads/oncogene/vendor/laravel/framework/src/Illuminate/Routing/ControllerDispatcher.php(45): Illuminate\\Routing\\Controller->callAction()
#3 /home/hazratmilad/Downloads/oncogene/vendor/laravel/framework/src/Illuminate/Routing/Route.php(254): Illuminate\\Routing\\ControllerDispatcher->dispatch()
#4 /home/hazratmilad/Downloads/oncogene/vendor/laravel/framework/src/Illuminate/Routing/Route.php(197): Illuminate\\Routing\\Route->runController()
#5 /home/hazratmilad/Downloads/oncogene/vendor/laravel/framework/src/Illuminate/Routing/Router.php(695): Illuminate\\Routing\\Route->run()
#6 /home/hazratmilad/Downloads/oncogene/vendor/laravel/framework/src/Illuminate/Pipeline/Pipeline.php(128): Illuminate\\Routing\\Router->Illuminate\\Routing\\{closure}()
#7 /home/hazratmilad/Downloads/oncogene/app/Http/Middleware/ApiResponse.php(12): Illuminate\\Pipeline\\Pipeline->Illuminate\\Pipeline\\{closure}()
#8 /home/hazratmilad/Downloads/oncogene/vendor/laravel/framework/src/Illuminate/Pipeline/Pipeline.php(167): App\\Http\\Middleware\\ApiResponse->handle()
#9 /home/hazratmilad/Downloads/oncogene/vendor/laravel/framework/src/Illuminate/Routing/Middleware/SubstituteBindings.php(50): Illuminate\\Pipeline\\Pipeline->Illuminate\\Pipeline\\{closure}()
#10 /home/hazratmilad/Downloads/oncogene/vendor/laravel/framework/src/Illuminate/Pipeline/Pipeline.php(167): Illuminate\\Routing\\Middleware\\SubstituteBindings->handle()
#11 /home/hazratmilad/Downloads/oncogene/vendor/laravel/framework/src/Illuminate/Routing/Middleware/ThrottleRequests.php(127): Illuminate\\Pipeline\\Pipeline->Illuminate\\Pipeline\\{closure}()
#12 /home/hazratmilad/Downloads/oncogene/vendor/laravel/framework/src/Illuminate/Routing/Middleware/ThrottleRequests.php(63): Illuminate\\Routing\\Middleware\\ThrottleRequests->handleRequest()
#13 /home/hazratmilad/Downloads/oncogene/vendor/laravel/framework/src/Illuminate/Pipeline/Pipeline.php(167): Illuminate\\Routing\\Middleware\\ThrottleRequests->handle()
#14 /home/hazratmilad/Downloads/oncogene/vendor/laravel/framework/src/Illuminate/Pipeline/Pipeline.php(103): Illuminate\\Pipeline\\Pipeline->Illuminate\\Pipeline\\{closure}()
#15 /home/hazratmilad/Downloads/oncogene/vendor/laravel/framework/src/Illuminate/Routing/Router.php(697): Illuminate\\Pipeline\\Pipeline->then()
#16 /home/hazratmilad/Downloads/oncogene/vendor/laravel/framework/src/Illuminate/Routing/Router.php(672): Illuminate\\Routing\\Router->runRouteWithinStack()
#17 /home/hazratmilad/Downloads/oncogene/vendor/laravel/framework/src/Illuminate/Routing/Router.php(636): Illuminate\\Routing\\Router->runRoute()
#18 /home/hazratmilad/Downloads/oncogene/vendor/laravel/framework/src/Illuminate/Routing/Router.php(625): Illuminate\\Routing\\Router->dispatchToRoute()
#19 /home/hazratmilad/Downloads/oncogene/vendor/laravel/framework/src/Illuminate/Foundation/Http/Kernel.php(166): Illuminate\\Routing\\Router->dispatch()
#20 /home/hazratmilad/Downloads/oncogene/vendor/laravel/framework/src/Illuminate/Pipeline/Pipeline.php(128): Illuminate\\Foundation\\Http\\Kernel->Illuminate\\Foundation\\Http\\{closure}()
#21 /home/hazratmilad/Downloads/oncogene/vendor/barryvdh/laravel-debugbar/src/Middleware/InjectDebugbar.php(67): Illuminate\\Pipeline\\Pipeline->Illuminate\\Pipeline\\{closure}()
#22 /home/hazratmilad/Downloads/oncogene/vendor/laravel/framework/src/Illuminate/Pipeline/Pipeline.php(167): Barryvdh\\Debugbar\\Middleware\\InjectDebugbar->handle()
#23 /home/hazratmilad/Downloads/oncogene/app/Http/Middleware/CORS.php(18): Illuminate\\Pipeline\\Pipeline->Illuminate\\Pipeline\\{closure}()
#24 /home/hazratmilad/Downloads/oncogene/vendor/laravel/framework/src/Illuminate/Pipeline/Pipeline.php(167): App\\Http\\Middleware\\CORS->handle()
#25 /home/hazratmilad/Downloads/oncogene/vendor/laravel/framework/src/Illuminate/Foundation/Http/Middleware/TransformsRequest.php(21): Illuminate\\Pipeline\\Pipeline->Illuminate\\Pipeline\\{closure}()
#26 /home/hazratmilad/Downloads/oncogene/vendor/laravel/framework/src/Illuminate/Foundation/Http/Middleware/ConvertEmptyStringsToNull.php(31): Illuminate\\Foundation\\Http\\Middleware\\TransformsRequest->handle()
#27 /home/hazratmilad/Downloads/oncogene/vendor/laravel/framework/src/Illuminate/Pipeline/Pipeline.php(167): Illuminate\\Foundation\\Http\\Middleware\\ConvertEmptyStringsToNull->handle()
#28 /home/hazratmilad/Downloads/oncogene/vendor/laravel/framework/src/Illuminate/Foundation/Http/Middleware/TransformsRequest.php(21): Illuminate\\Pipeline\\Pipeline->Illuminate\\Pipeline\\{closure}()
#29 /home/hazratmilad/Downloads/oncogene/vendor/laravel/framework/src/Illuminate/Foundation/Http/Middleware/TrimStrings.php(40): Illuminate\\Foundation\\Http\\Middleware\\TransformsRequest->handle()
#30 /home/hazratmilad/Downloads/oncogene/vendor/laravel/framework/src/Illuminate/Pipeline/Pipeline.php(167): Illuminate\\Foundation\\Http\\Middleware\\TrimStrings->handle()
#31 /home/hazratmilad/Downloads/oncogene/vendor/laravel/framework/src/Illuminate/Foundation/Http/Middleware/ValidatePostSize.php(27): Illuminate\\Pipeline\\Pipeline->Illuminate\\Pipeline\\{closure}()
#32 /home/hazratmilad/Downloads/oncogene/vendor/laravel/framework/src/Illuminate/Pipeline/Pipeline.php(167): Illuminate\\Foundation\\Http\\Middleware\\ValidatePostSize->handle()
#33 /home/hazratmilad/Downloads/oncogene/vendor/laravel/framework/src/Illuminate/Foundation/Http/Middleware/PreventRequestsDuringMaintenance.php(86): Illuminate\\Pipeline\\Pipeline->Illuminate\\Pipeline\\{closure}()
#34 /home/hazratmilad/Downloads/oncogene/vendor/laravel/framework/src/Illuminate/Pipeline/Pipeline.php(167): Illuminate\\Foundation\\Http\\Middleware\\PreventRequestsDuringMaintenance->handle()
#35 /home/hazratmilad/Downloads/oncogene/vendor/fideloper/proxy/src/TrustProxies.php(57): Illuminate\\Pipeline\\Pipeline->Illuminate\\Pipeline\\{closure}()
#36 /home/hazratmilad/Downloads/oncogene/vendor/laravel/framework/src/Illuminate/Pipeline/Pipeline.php(167): Fideloper\\Proxy\\TrustProxies->handle()
#37 /home/hazratmilad/Downloads/oncogene/vendor/laravel/framework/src/Illuminate/Pipeline/Pipeline.php(103): Illuminate\\Pipeline\\Pipeline->Illuminate\\Pipeline\\{closure}()
#38 /home/hazratmilad/Downloads/oncogene/vendor/laravel/framework/src/Illuminate/Foundation/Http/Kernel.php(141): Illuminate\\Pipeline\\Pipeline->then()
#39 /home/hazratmilad/Downloads/oncogene/vendor/laravel/framework/src/Illuminate/Foundation/Http/Kernel.php(110): Illuminate\\Foundation\\Http\\Kernel->sendRequestThroughRouter()
#40 /home/hazratmilad/Downloads/oncogene/public/index.php(55): Illuminate\\Foundation\\Http\\Kernel->handle()
#41 /home/hazratmilad/Downloads/oncogene/server.php(21): require_once('...')
#42 {main}
"} 
[2021-11-01 07:41:31] local.INFO: 14  
